# JRE version: OpenJDK Runtime Environment GraalVM CE 22.3.0 (17.0.5+8) (build 17.0.5+8-jvmci-22.3-b08)
# Java VM: OpenJDK 64-Bit Server VM GraalVM CE 22.3.0 (17.0.5+8-jvmci-22.3-b08, mixed mode, sharing, tiered, jvmci, jvmci compiler, compressed oops, compressed class ptrs, parallel gc, linux-amd64)
GC Precious Log:
 CPUs: 8 total, 1 available
 Memory: 1024M
 Large Page Support: Disabled
 NUMA Support: Disabled
 Compressed Oops: Enabled (32-bit)
 Alignments: Space 512K, Generation 512K, Heap 2M
 Heap Min Capacity: 100M
 Heap Initial Capacity: 100M
 Heap Max Capacity: 512M
 Pre-touch: Disabled
 Parallel Workers: 1
Heap:
 PSYoungGen      total 64000K, used 38400K [0x00000000f5580000, 0x00000000fae80000, 0x0000000100000000)
  eden space 38400K, 100% used [0x00000000f5580000,0x00000000f7b00000,0x00000000f7b00000)
  from space 25600K, 0% used [0x00000000f9400000,0x00000000f9400000,0x00000000fad00000)
  to   space 25600K, 0% used [0x00000000f7b00000,0x00000000f7b00000,0x00000000f9400000)
 ParOldGen       total 349696K, used 349695K [0x00000000e0000000, 0x00000000f5580000, 0x00000000f5580000)
  object space 349696K, 99% used [0x00000000e0000000,0x00000000f557ffb0,0x00000000f5580000)
 Metaspace       used 55904K, committed 57088K, reserved 1105920K
  class space    used 5552K, committed 6016K, reserved 1048576K
GC Heap History (20 events):
Event: 646.787 GC heap before
{Heap before GC invocations=343 (full 276):
 PSYoungGen      total 64000K, used 38399K [0x00000000f5580000, 0x00000000fae80000, 0x0000000100000000)
  eden space 38400K, 99% used [0x00000000f5580000,0x00000000f7affff8,0x00000000f7b00000)
  from space 25600K, 0% used [0x00000000f9400000,0x00000000f9400000,0x00000000fad00000)
  to   space 25600K, 0% used [0x00000000f7b00000,0x00000000f7b00000,0x00000000f9400000)
 ParOldGen       total 349696K, used 349695K [0x00000000e0000000, 0x00000000f5580000, 0x00000000f5580000)
  object space 349696K, 99% used [0x00000000e0000000,0x00000000f557fc28,0x00000000f5580000)
 Metaspace       used 55903K, committed 57088K, reserved 1105920K
  class space    used 5551K, committed 6016K, reserved 1048576K
}
Event: 648.956 GC heap after
{Heap after GC invocations=343 (full 276):
 PSYoungGen      total 64000K, used 38399K [0x00000000f5580000, 0x00000000fae80000, 0x0000000100000000)
  eden space 38400K, 99% used [0x00000000f5580000,0x00000000f7afffa8,0x00000000f7b00000)
  from space 25600K, 0% used [0x00000000f7b00000,0x00000000f7b00000,0x00000000f9400000)
  to   space 25600K, 0% used [0x00000000f9400000,0x00000000f9400000,0x00000000fad00000)
 ParOldGen       total 349696K, used 349695K [0x00000000e0000000, 0x00000000f5580000, 0x00000000f5580000)
  object space 349696K, 99% used [0x00000000e0000000,0x00000000f557fc28,0x00000000f5580000)
 Metaspace       used 55903K, committed 57088K, reserved 1105920K
  class space    used 5551K, committed 6016K, reserved 1048576K
}
Event: 648.957 GC heap before
{Heap before GC invocations=344 (full 277):
 PSYoungGen      total 64000K, used 38399K [0x00000000f5580000, 0x00000000fae80000, 0x0000000100000000)
  eden space 38400K, 99% used [0x00000000f5580000,0x00000000f7affff0,0x00000000f7b00000)
  from space 25600K, 0% used [0x00000000f7b00000,0x00000000f7b00000,0x00000000f9400000)
  to   space 25600K, 0% used [0x00000000f9400000,0x00000000f9400000,0x00000000fad00000)
 ParOldGen       total 349696K, used 349695K [0x00000000e0000000, 0x00000000f5580000, 0x00000000f5580000)
  object space 349696K, 99% used [0x00000000e0000000,0x00000000f557fc28,0x00000000f5580000)
 Metaspace       used 55903K, committed 57088K, reserved 1105920K
  class space    used 5551K, committed 6016K, reserved 1048576K
}
Event: 650.894 GC heap after
{Heap after GC invocations=344 (full 277):
 PSYoungGen      total 64000K, used 38399K [0x00000000f5580000, 0x00000000fae80000, 0x0000000100000000)
  eden space 38400K, 99% used [0x00000000f5580000,0x00000000f7affff0,0x00000000f7b00000)
  from space 25600K, 0% used [0x00000000f9400000,0x00000000f9400000,0x00000000fad00000)
  to   space 25600K, 0% used [0x00000000f7b00000,0x00000000f7b00000,0x00000000f9400000)
 ParOldGen       total 349696K, used 349695K [0x00000000e0000000, 0x00000000f5580000, 0x00000000f5580000)
  object space 349696K, 99% used [0x00000000e0000000,0x00000000f557fc28,0x00000000f5580000)
 Metaspace       used 55903K, committed 57088K, reserved 1105920K
  class space    used 5551K, committed 6016K, reserved 1048576K
}
Event: 650.894 GC heap before
{Heap before GC invocations=345 (full 278):
 PSYoungGen      total 64000K, used 38399K [0x00000000f5580000, 0x00000000fae80000, 0x0000000100000000)
  eden space 38400K, 99% used [0x00000000f5580000,0x00000000f7affff0,0x00000000f7b00000)
  from space 25600K, 0% used [0x00000000f9400000,0x00000000f9400000,0x00000000fad00000)
  to   space 25600K, 0% used [0x00000000f7b00000,0x00000000f7b00000,0x00000000f9400000)
 ParOldGen       total 349696K, used 349696K [0x00000000e0000000, 0x00000000f5580000, 0x00000000f5580000)
  object space 349696K, 100% used [0x00000000e0000000,0x00000000f5580000,0x00000000f5580000)
 Metaspace       used 55903K, committed 57088K, reserved 1105920K
  class space    used 5551K, committed 6016K, reserved 1048576K
}
Event: 652.918 GC heap after
{Heap after GC invocations=345 (full 278):
 PSYoungGen      total 64000K, used 38399K [0x00000000f5580000, 0x00000000fae80000, 0x0000000100000000)
  eden space 38400K, 99% used [0x00000000f5580000,0x00000000f7afffd0,0x00000000f7b00000)
  from space 25600K, 0% used [0x00000000f7b00000,0x00000000f7b00000,0x00000000f9400000)
  to   space 25600K, 0% used [0x00000000f9400000,0x00000000f9400000,0x00000000fad00000)
 ParOldGen       total 349696K, used 349696K [0x00000000e0000000, 0x00000000f5580000, 0x00000000f5580000)
  object space 349696K, 100% used [0x00000000e0000000,0x00000000f5580000,0x00000000f5580000)
 Metaspace       used 55903K, committed 57088K, reserved 1105920K
  class space    used 5551K, committed 6016K, reserved 1048576K
}
Event: 652.918 GC heap before
{Heap before GC invocations=346 (full 279):
 PSYoungGen      total 64000K, used 38399K [0x00000000f5580000, 0x00000000fae80000, 0x0000000100000000)
  eden space 38400K, 99% used [0x00000000f5580000,0x00000000f7affff0,0x00000000f7b00000)
  from space 25600K, 0% used [0x00000000f7b00000,0x00000000f7b00000,0x00000000f9400000)
  to   space 25600K, 0% used [0x00000000f9400000,0x00000000f9400000,0x00000000fad00000)
 ParOldGen       total 349696K, used 349696K [0x00000000e0000000, 0x00000000f5580000, 0x00000000f5580000)
  object space 349696K, 100% used [0x00000000e0000000,0x00000000f5580000,0x00000000f5580000)
 Metaspace       used 55903K, committed 57088K, reserved 1105920K
  class space    used 5551K, committed 6016K, reserved 1048576K
}
Event: 654.902 GC heap after
{Heap after GC invocations=346 (full 279):
 PSYoungGen      total 64000K, used 38399K [0x00000000f5580000, 0x00000000fae80000, 0x0000000100000000)
  eden space 38400K, 99% used [0x00000000f5580000,0x00000000f7affff0,0x00000000f7b00000)
  from space 25600K, 0% used [0x00000000f9400000,0x00000000f9400000,0x00000000fad00000)
  to   space 25600K, 0% used [0x00000000f7b00000,0x00000000f7b00000,0x00000000f9400000)
 ParOldGen       total 349696K, used 349696K [0x00000000e0000000, 0x00000000f5580000, 0x00000000f5580000)
  object space 349696K, 100% used [0x00000000e0000000,0x00000000f5580000,0x00000000f5580000)
 Metaspace       used 55903K, committed 57088K, reserved 1105920K
  class space    used 5551K, committed 6016K, reserved 1048576K
}
Event: 654.902 GC heap before
{Heap before GC invocations=347 (full 280):
 PSYoungGen      total 64000K, used 38399K [0x00000000f5580000, 0x00000000fae80000, 0x0000000100000000)
  eden space 38400K, 99% used [0x00000000f5580000,0x00000000f7affff0,0x00000000f7b00000)
  from space 25600K, 0% used [0x00000000f9400000,0x00000000f9400000,0x00000000fad00000)
  to   space 25600K, 0% used [0x00000000f7b00000,0x00000000f7b00000,0x00000000f9400000)
 ParOldGen       total 349696K, used 349696K [0x00000000e0000000, 0x00000000f5580000, 0x00000000f5580000)
  object space 349696K, 100% used [0x00000000e0000000,0x00000000f5580000,0x00000000f5580000)
 Metaspace       used 55903K, committed 57088K, reserved 1105920K
  class space    used 5551K, committed 6016K, reserved 1048576K
}
Event: 656.705 GC heap after
{Heap after GC invocations=347 (full 280):
 PSYoungGen      total 64000K, used 38399K [0x00000000f5580000, 0x00000000fae80000, 0x0000000100000000)
  eden space 38400K, 99% used [0x00000000f5580000,0x00000000f7affff0,0x00000000f7b00000)
  from space 25600K, 0% used [0x00000000f7b00000,0x00000000f7b00000,0x00000000f9400000)
  to   space 25600K, 0% used [0x00000000f9400000,0x00000000f9400000,0x00000000fad00000)
 ParOldGen       total 349696K, used 349696K [0x00000000e0000000, 0x00000000f5580000, 0x00000000f5580000)
  object space 349696K, 100% used [0x00000000e0000000,0x00000000f5580000,0x00000000f5580000)
 Metaspace       used 55903K, committed 57088K, reserved 1105920K
  class space    used 5551K, committed 6016K, reserved 1048576K
}
Event: 656.706 GC heap before
{Heap before GC invocations=348 (full 281):
 PSYoungGen      total 64000K, used 38400K [0x00000000f5580000, 0x00000000fae80000, 0x0000000100000000)
  eden space 38400K, 100% used [0x00000000f5580000,0x00000000f7b00000,0x00000000f7b00000)
  from space 25600K, 0% used [0x00000000f7b00000,0x00000000f7b00000,0x00000000f9400000)
  to   space 25600K, 0% used [0x00000000f9400000,0x00000000f9400000,0x00000000fad00000)
 ParOldGen       total 349696K, used 349696K [0x00000000e0000000, 0x00000000f5580000, 0x00000000f5580000)
  object space 349696K, 100% used [0x00000000e0000000,0x00000000f5580000,0x00000000f5580000)
 Metaspace       used 55903K, committed 57088K, reserved 1105920K
  class space    used 5551K, committed 6016K, reserved 1048576K
}
Event: 658.737 GC heap after
{Heap after GC invocations=348 (full 281):
 PSYoungGen      total 64000K, used 38399K [0x00000000f5580000, 0x00000000fae80000, 0x0000000100000000)
  eden space 38400K, 99% used [0x00000000f5580000,0x00000000f7affff0,0x00000000f7b00000)
  from space 25600K, 0% used [0x00000000f9400000,0x00000000f9400000,0x00000000fad00000)
  to   space 25600K, 0% used [0x00000000f7b00000,0x00000000f7b00000,0x00000000f9400000)
 ParOldGen       total 349696K, used 349696K [0x00000000e0000000, 0x00000000f5580000, 0x00000000f5580000)
  object space 349696K, 100% used [0x00000000e0000000,0x00000000f5580000,0x00000000f5580000)
 Metaspace       used 55903K, committed 57088K, reserved 1105920K
  class space    used 5551K, committed 6016K, reserved 1048576K
}
Event: 658.737 GC heap before
{Heap before GC invocations=349 (full 282):
 PSYoungGen      total 64000K, used 38399K [0x00000000f5580000, 0x00000000fae80000, 0x0000000100000000)
  eden space 38400K, 99% used [0x00000000f5580000,0x00000000f7affff0,0x00000000f7b00000)
  from space 25600K, 0% used [0x00000000f9400000,0x00000000f9400000,0x00000000fad00000)
  to   space 25600K, 0% used [0x00000000f7b00000,0x00000000f7b00000,0x00000000f9400000)
 ParOldGen       total 349696K, used 349696K [0x00000000e0000000, 0x00000000f5580000, 0x00000000f5580000)
  object space 349696K, 100% used [0x00000000e0000000,0x00000000f5580000,0x00000000f5580000)
 Metaspace       used 55903K, committed 57088K, reserved 1105920K
  class space    used 5551K, committed 6016K, reserved 1048576K
}
Event: 660.729 GC heap after
{Heap after GC invocations=349 (full 282):
 PSYoungGen      total 64000K, used 38399K [0x00000000f5580000, 0x00000000fae80000, 0x0000000100000000)
  eden space 38400K, 99% used [0x00000000f5580000,0x00000000f7affff0,0x00000000f7b00000)
  from space 25600K, 0% used [0x00000000f7b00000,0x00000000f7b00000,0x00000000f9400000)
  to   space 25600K, 0% used [0x00000000f9400000,0x00000000f9400000,0x00000000fad00000)
 ParOldGen       total 349696K, used 349696K [0x00000000e0000000, 0x00000000f5580000, 0x00000000f5580000)
  object space 349696K, 100% used [0x00000000e0000000,0x00000000f5580000,0x00000000f5580000)
 Metaspace       used 55903K, committed 57088K, reserved 1105920K
  class space    used 5551K, committed 6016K, reserved 1048576K
}
Event: 660.730 GC heap before
{Heap before GC invocations=350 (full 283):
 PSYoungGen      total 64000K, used 38399K [0x00000000f5580000, 0x00000000fae80000, 0x0000000100000000)
  eden space 38400K, 99% used [0x00000000f5580000,0x00000000f7affff0,0x00000000f7b00000)
  from space 25600K, 0% used [0x00000000f7b00000,0x00000000f7b00000,0x00000000f9400000)
  to   space 25600K, 0% used [0x00000000f9400000,0x00000000f9400000,0x00000000fad00000)
 ParOldGen       total 349696K, used 349696K [0x00000000e0000000, 0x00000000f5580000, 0x00000000f5580000)
  object space 349696K, 100% used [0x00000000e0000000,0x00000000f5580000,0x00000000f5580000)
 Metaspace       used 55903K, committed 57088K, reserved 1105920K
  class space    used 5551K, committed 6016K, reserved 1048576K
}
Event: 662.734 GC heap after
{Heap after GC invocations=350 (full 283):
 PSYoungGen      total 64000K, used 38399K [0x00000000f5580000, 0x00000000fae80000, 0x0000000100000000)
  eden space 38400K, 99% used [0x00000000f5580000,0x00000000f7affff0,0x00000000f7b00000)
  from space 25600K, 0% used [0x00000000f9400000,0x00000000f9400000,0x00000000fad00000)
  to   space 25600K, 0% used [0x00000000f7b00000,0x00000000f7b00000,0x00000000f9400000)
 ParOldGen       total 349696K, used 349695K [0x00000000e0000000, 0x00000000f5580000, 0x00000000f5580000)
  object space 349696K, 99% used [0x00000000e0000000,0x00000000f557fd70,0x00000000f5580000)
 Metaspace       used 55903K, committed 57088K, reserved 1105920K
  class space    used 5551K, committed 6016K, reserved 1048576K
}
Event: 662.734 GC heap before
{Heap before GC invocations=351 (full 284):
 PSYoungGen      total 64000K, used 38400K [0x00000000f5580000, 0x00000000fae80000, 0x0000000100000000)
  eden space 38400K, 100% used [0x00000000f5580000,0x00000000f7b00000,0x00000000f7b00000)
  from space 25600K, 0% used [0x00000000f9400000,0x00000000f9400000,0x00000000fad00000)
  to   space 25600K, 0% used [0x00000000f7b00000,0x00000000f7b00000,0x00000000f9400000)
 ParOldGen       total 349696K, used 349695K [0x00000000e0000000, 0x00000000f5580000, 0x00000000f5580000)
  object space 349696K, 99% used [0x00000000e0000000,0x00000000f557fe48,0x00000000f5580000)
 Metaspace       used 55903K, committed 57088K, reserved 1105920K
  class space    used 5551K, committed 6016K, reserved 1048576K
}
Event: 664.632 GC heap after
{Heap after GC invocations=351 (full 284):
 PSYoungGen      total 64000K, used 38399K [0x00000000f5580000, 0x00000000fae80000, 0x0000000100000000)
  eden space 38400K, 99% used [0x00000000f5580000,0x00000000f7affff0,0x00000000f7b00000)
  from space 25600K, 0% used [0x00000000f7b00000,0x00000000f7b00000,0x00000000f9400000)
  to   space 25600K, 0% used [0x00000000f9400000,0x00000000f9400000,0x00000000fad00000)
 ParOldGen       total 349696K, used 349695K [0x00000000e0000000, 0x00000000f5580000, 0x00000000f5580000)
  object space 349696K, 99% used [0x00000000e0000000,0x00000000f557fe38,0x00000000f5580000)
 Metaspace       used 55903K, committed 57088K, reserved 1105920K
  class space    used 5551K, committed 6016K, reserved 1048576K
}
Event: 664.632 GC heap before
{Heap before GC invocations=352 (full 285):
 PSYoungGen      total 64000K, used 38399K [0x00000000f5580000, 0x00000000fae80000, 0x0000000100000000)
  eden space 38400K, 99% used [0x00000000f5580000,0x00000000f7affff0,0x00000000f7b00000)
  from space 25600K, 0% used [0x00000000f7b00000,0x00000000f7b00000,0x00000000f9400000)
  to   space 25600K, 0% used [0x00000000f9400000,0x00000000f9400000,0x00000000fad00000)
 ParOldGen       total 349696K, used 349695K [0x00000000e0000000, 0x00000000f5580000, 0x00000000f5580000)
  object space 349696K, 99% used [0x00000000e0000000,0x00000000f557fe38,0x00000000f5580000)
 Metaspace       used 55903K, committed 57088K, reserved 1105920K
  class space    used 5551K, committed 6016K, reserved 1048576K
}
Event: 666.611 GC heap after
{Heap after GC invocations=352 (full 285):
 PSYoungGen      total 64000K, used 38399K [0x00000000f5580000, 0x00000000fae80000, 0x0000000100000000)
  eden space 38400K, 99% used [0x00000000f5580000,0x00000000f7affff0,0x00000000f7b00000)
  from space 25600K, 0% used [0x00000000f9400000,0x00000000f9400000,0x00000000fad00000)
  to   space 25600K, 0% used [0x00000000f7b00000,0x00000000f7b00000,0x00000000f9400000)
 ParOldGen       total 349696K, used 349695K [0x00000000e0000000, 0x00000000f5580000, 0x00000000f5580000)
  object space 349696K, 99% used [0x00000000e0000000,0x00000000f557fe38,0x00000000f5580000)
 Metaspace       used 55903K, committed 57088K, reserved 1105920K
  class space    used 5551K, committed 6016K, reserved 1048576K
}

