# JRE version: OpenJDK Runtime Environment GraalVM CE 22.3.0 (17.0.5+8) (build 17.0.5+8-jvmci-22.3-b08)
# Java VM: OpenJDK 64-Bit Server VM GraalVM CE 22.3.0 (17.0.5+8-jvmci-22.3-b08, mixed mode, sharing, tiered, jvmci, jvmci compiler, compressed oops, compressed class ptrs, parallel gc, linux-amd64)
GC Precious Log:
 CPUs: 8 total, 1 available
 Memory: 1024M
 Large Page Support: Disabled
 NUMA Support: Disabled
 Compressed Oops: Enabled (32-bit)
 Alignments: Space 512K, Generation 512K, Heap 2M
 Heap Min Capacity: 100M
 Heap Initial Capacity: 100M
 Heap Max Capacity: 512M
 Pre-touch: Disabled
 Parallel Workers: 1
Heap:
 PSYoungGen      total 78848K, used 48640K [0x00000000f5580000, 0x00000000fc300000, 0x0000000100000000)
  eden space 48640K, 100% used [0x00000000f5580000,0x00000000f8500000,0x00000000f8500000)
  from space 30208K, 0% used [0x00000000fa280000,0x00000000fa280000,0x00000000fc000000)
  to   space 30208K, 0% used [0x00000000f8500000,0x00000000f8500000,0x00000000fa280000)
 ParOldGen       total 349696K, used 349695K [0x00000000e0000000, 0x00000000f5580000, 0x00000000f5580000)
  object space 349696K, 99% used [0x00000000e0000000,0x00000000f557fd78,0x00000000f5580000)
 Metaspace       used 57326K, committed 58240K, reserved 1105920K
  class space    used 5408K, committed 5824K, reserved 1048576K
GC Heap History (20 events):
Event: 1085.992 GC heap before
{Heap before GC invocations=512 (full 387):
 PSYoungGen      total 78848K, used 48639K [0x00000000f5580000, 0x00000000fc300000, 0x0000000100000000)
  eden space 48640K, 99% used [0x00000000f5580000,0x00000000f84fffd8,0x00000000f8500000)
  from space 30208K, 0% used [0x00000000fa280000,0x00000000fa280000,0x00000000fc000000)
  to   space 30208K, 0% used [0x00000000f8500000,0x00000000f8500000,0x00000000fa280000)
 ParOldGen       total 349696K, used 349692K [0x00000000e0000000, 0x00000000f5580000, 0x00000000f5580000)
  object space 349696K, 99% used [0x00000000e0000000,0x00000000f557f050,0x00000000f5580000)
 Metaspace       used 57326K, committed 58240K, reserved 1105920K
  class space    used 5408K, committed 5824K, reserved 1048576K
}
Event: 1088.196 GC heap after
{Heap after GC invocations=512 (full 387):
 PSYoungGen      total 78848K, used 48639K [0x00000000f5580000, 0x00000000fc300000, 0x0000000100000000)
  eden space 48640K, 99% used [0x00000000f5580000,0x00000000f84fffd8,0x00000000f8500000)
  from space 30208K, 0% used [0x00000000f8500000,0x00000000f8500000,0x00000000fa280000)
  to   space 30208K, 0% used [0x00000000fa280000,0x00000000fa280000,0x00000000fc000000)
 ParOldGen       total 349696K, used 349692K [0x00000000e0000000, 0x00000000f5580000, 0x00000000f5580000)
  object space 349696K, 99% used [0x00000000e0000000,0x00000000f557f050,0x00000000f5580000)
 Metaspace       used 57326K, committed 58240K, reserved 1105920K
  class space    used 5408K, committed 5824K, reserved 1048576K
}
Event: 1088.199 GC heap before
{Heap before GC invocations=513 (full 388):
 PSYoungGen      total 78848K, used 48639K [0x00000000f5580000, 0x00000000fc300000, 0x0000000100000000)
  eden space 48640K, 99% used [0x00000000f5580000,0x00000000f84ffff8,0x00000000f8500000)
  from space 30208K, 0% used [0x00000000f8500000,0x00000000f8500000,0x00000000fa280000)
  to   space 30208K, 0% used [0x00000000fa280000,0x00000000fa280000,0x00000000fc000000)
 ParOldGen       total 349696K, used 349695K [0x00000000e0000000, 0x00000000f5580000, 0x00000000f5580000)
  object space 349696K, 99% used [0x00000000e0000000,0x00000000f557fc28,0x00000000f5580000)
 Metaspace       used 57326K, committed 58240K, reserved 1105920K
  class space    used 5408K, committed 5824K, reserved 1048576K
}
Event: 1090.434 GC heap after
{Heap after GC invocations=513 (full 388):
 PSYoungGen      total 78848K, used 48639K [0x00000000f5580000, 0x00000000fc300000, 0x0000000100000000)
  eden space 48640K, 99% used [0x00000000f5580000,0x00000000f84ffcd8,0x00000000f8500000)
  from space 30208K, 0% used [0x00000000fa280000,0x00000000fa280000,0x00000000fc000000)
  to   space 30208K, 0% used [0x00000000f8500000,0x00000000f8500000,0x00000000fa280000)
 ParOldGen       total 349696K, used 349693K [0x00000000e0000000, 0x00000000f5580000, 0x00000000f5580000)
  object space 349696K, 99% used [0x00000000e0000000,0x00000000f557f618,0x00000000f5580000)
 Metaspace       used 57326K, committed 58240K, reserved 1105920K
  class space    used 5408K, committed 5824K, reserved 1048576K
}
Event: 1090.439 GC heap before
{Heap before GC invocations=514 (full 389):
 PSYoungGen      total 78848K, used 48639K [0x00000000f5580000, 0x00000000fc300000, 0x0000000100000000)
  eden space 48640K, 99% used [0x00000000f5580000,0x00000000f84ffff8,0x00000000f8500000)
  from space 30208K, 0% used [0x00000000fa280000,0x00000000fa280000,0x00000000fc000000)
  to   space 30208K, 0% used [0x00000000f8500000,0x00000000f8500000,0x00000000fa280000)
 ParOldGen       total 349696K, used 349693K [0x00000000e0000000, 0x00000000f5580000, 0x00000000f5580000)
  object space 349696K, 99% used [0x00000000e0000000,0x00000000f557f618,0x00000000f5580000)
 Metaspace       used 57326K, committed 58240K, reserved 1105920K
  class space    used 5408K, committed 5824K, reserved 1048576K
}
Event: 1092.594 GC heap after
{Heap after GC invocations=514 (full 389):
 PSYoungGen      total 78848K, used 48639K [0x00000000f5580000, 0x00000000fc300000, 0x0000000100000000)
  eden space 48640K, 99% used [0x00000000f5580000,0x00000000f84fff30,0x00000000f8500000)
  from space 30208K, 0% used [0x00000000f8500000,0x00000000f8500000,0x00000000fa280000)
  to   space 30208K, 0% used [0x00000000fa280000,0x00000000fa280000,0x00000000fc000000)
 ParOldGen       total 349696K, used 349693K [0x00000000e0000000, 0x00000000f5580000, 0x00000000f5580000)
  object space 349696K, 99% used [0x00000000e0000000,0x00000000f557f618,0x00000000f5580000)
 Metaspace       used 57326K, committed 58240K, reserved 1105920K
  class space    used 5408K, committed 5824K, reserved 1048576K
}
Event: 1092.594 GC heap before
{Heap before GC invocations=515 (full 390):
 PSYoungGen      total 78848K, used 48639K [0x00000000f5580000, 0x00000000fc300000, 0x0000000100000000)
  eden space 48640K, 99% used [0x00000000f5580000,0x00000000f84ffff8,0x00000000f8500000)
  from space 30208K, 0% used [0x00000000f8500000,0x00000000f8500000,0x00000000fa280000)
  to   space 30208K, 0% used [0x00000000fa280000,0x00000000fa280000,0x00000000fc000000)
 ParOldGen       total 349696K, used 349693K [0x00000000e0000000, 0x00000000f5580000, 0x00000000f5580000)
  object space 349696K, 99% used [0x00000000e0000000,0x00000000f557f618,0x00000000f5580000)
 Metaspace       used 57326K, committed 58240K, reserved 1105920K
  class space    used 5408K, committed 5824K, reserved 1048576K
}
Event: 1095.040 GC heap after
{Heap after GC invocations=515 (full 390):
 PSYoungGen      total 78848K, used 48639K [0x00000000f5580000, 0x00000000fc300000, 0x0000000100000000)
  eden space 48640K, 99% used [0x00000000f5580000,0x00000000f84fff00,0x00000000f8500000)
  from space 30208K, 0% used [0x00000000fa280000,0x00000000fa280000,0x00000000fc000000)
  to   space 30208K, 0% used [0x00000000f8500000,0x00000000f8500000,0x00000000fa280000)
 ParOldGen       total 349696K, used 349693K [0x00000000e0000000, 0x00000000f5580000, 0x00000000f5580000)
  object space 349696K, 99% used [0x00000000e0000000,0x00000000f557f618,0x00000000f5580000)
 Metaspace       used 57326K, committed 58240K, reserved 1105920K
  class space    used 5408K, committed 5824K, reserved 1048576K
}
Event: 1095.043 GC heap before
{Heap before GC invocations=516 (full 391):
 PSYoungGen      total 78848K, used 48640K [0x00000000f5580000, 0x00000000fc300000, 0x0000000100000000)
  eden space 48640K, 100% used [0x00000000f5580000,0x00000000f8500000,0x00000000f8500000)
  from space 30208K, 0% used [0x00000000fa280000,0x00000000fa280000,0x00000000fc000000)
  to   space 30208K, 0% used [0x00000000f8500000,0x00000000f8500000,0x00000000fa280000)
 ParOldGen       total 349696K, used 349693K [0x00000000e0000000, 0x00000000f5580000, 0x00000000f5580000)
  object space 349696K, 99% used [0x00000000e0000000,0x00000000f557f618,0x00000000f5580000)
 Metaspace       used 57326K, committed 58240K, reserved 1105920K
  class space    used 5408K, committed 5824K, reserved 1048576K
}
Event: 1097.305 GC heap after
{Heap after GC invocations=516 (full 391):
 PSYoungGen      total 78848K, used 48639K [0x00000000f5580000, 0x00000000fc300000, 0x0000000100000000)
  eden space 48640K, 99% used [0x00000000f5580000,0x00000000f84fffa8,0x00000000f8500000)
  from space 30208K, 0% used [0x00000000f8500000,0x00000000f8500000,0x00000000fa280000)
  to   space 30208K, 0% used [0x00000000fa280000,0x00000000fa280000,0x00000000fc000000)
 ParOldGen       total 349696K, used 349693K [0x00000000e0000000, 0x00000000f5580000, 0x00000000f5580000)
  object space 349696K, 99% used [0x00000000e0000000,0x00000000f557f618,0x00000000f5580000)
 Metaspace       used 57326K, committed 58240K, reserved 1105920K
  class space    used 5408K, committed 5824K, reserved 1048576K
}
Event: 1097.308 GC heap before
{Heap before GC invocations=517 (full 392):
 PSYoungGen      total 78848K, used 48639K [0x00000000f5580000, 0x00000000fc300000, 0x0000000100000000)
  eden space 48640K, 99% used [0x00000000f5580000,0x00000000f84fffe8,0x00000000f8500000)
  from space 30208K, 0% used [0x00000000f8500000,0x00000000f8500000,0x00000000fa280000)
  to   space 30208K, 0% used [0x00000000fa280000,0x00000000fa280000,0x00000000fc000000)
 ParOldGen       total 349696K, used 349693K [0x00000000e0000000, 0x00000000f5580000, 0x00000000f5580000)
  object space 349696K, 99% used [0x00000000e0000000,0x00000000f557f618,0x00000000f5580000)
 Metaspace       used 57326K, committed 58240K, reserved 1105920K
  class space    used 5408K, committed 5824K, reserved 1048576K
}
Event: 1099.646 GC heap after
{Heap after GC invocations=517 (full 392):
 PSYoungGen      total 78848K, used 48638K [0x00000000f5580000, 0x00000000fc300000, 0x0000000100000000)
  eden space 48640K, 99% used [0x00000000f5580000,0x00000000f84ffb90,0x00000000f8500000)
  from space 30208K, 0% used [0x00000000fa280000,0x00000000fa280000,0x00000000fc000000)
  to   space 30208K, 0% used [0x00000000f8500000,0x00000000f8500000,0x00000000fa280000)
 ParOldGen       total 349696K, used 349693K [0x00000000e0000000, 0x00000000f5580000, 0x00000000f5580000)
  object space 349696K, 99% used [0x00000000e0000000,0x00000000f557f618,0x00000000f5580000)
 Metaspace       used 57326K, committed 58240K, reserved 1105920K
  class space    used 5408K, committed 5824K, reserved 1048576K
}
Event: 1099.647 GC heap before
{Heap before GC invocations=518 (full 393):
 PSYoungGen      total 78848K, used 48639K [0x00000000f5580000, 0x00000000fc300000, 0x0000000100000000)
  eden space 48640K, 99% used [0x00000000f5580000,0x00000000f84ffff0,0x00000000f8500000)
  from space 30208K, 0% used [0x00000000fa280000,0x00000000fa280000,0x00000000fc000000)
  to   space 30208K, 0% used [0x00000000f8500000,0x00000000f8500000,0x00000000fa280000)
 ParOldGen       total 349696K, used 349693K [0x00000000e0000000, 0x00000000f5580000, 0x00000000f5580000)
  object space 349696K, 99% used [0x00000000e0000000,0x00000000f557f618,0x00000000f5580000)
 Metaspace       used 57326K, committed 58240K, reserved 1105920K
  class space    used 5408K, committed 5824K, reserved 1048576K
}
Event: 1102.197 GC heap after
{Heap after GC invocations=518 (full 393):
 PSYoungGen      total 78848K, used 48638K [0x00000000f5580000, 0x00000000fc300000, 0x0000000100000000)
  eden space 48640K, 99% used [0x00000000f5580000,0x00000000f84ffbc8,0x00000000f8500000)
  from space 30208K, 0% used [0x00000000f8500000,0x00000000f8500000,0x00000000fa280000)
  to   space 30208K, 0% used [0x00000000fa280000,0x00000000fa280000,0x00000000fc000000)
 ParOldGen       total 349696K, used 349693K [0x00000000e0000000, 0x00000000f5580000, 0x00000000f5580000)
  object space 349696K, 99% used [0x00000000e0000000,0x00000000f557f618,0x00000000f5580000)
 Metaspace       used 57326K, committed 58240K, reserved 1105920K
  class space    used 5408K, committed 5824K, reserved 1048576K
}
Event: 1102.198 GC heap before
{Heap before GC invocations=519 (full 394):
 PSYoungGen      total 78848K, used 48639K [0x00000000f5580000, 0x00000000fc300000, 0x0000000100000000)
  eden space 48640K, 99% used [0x00000000f5580000,0x00000000f84ffff0,0x00000000f8500000)
  from space 30208K, 0% used [0x00000000f8500000,0x00000000f8500000,0x00000000fa280000)
  to   space 30208K, 0% used [0x00000000fa280000,0x00000000fa280000,0x00000000fc000000)
 ParOldGen       total 349696K, used 349693K [0x00000000e0000000, 0x00000000f5580000, 0x00000000f5580000)
  object space 349696K, 99% used [0x00000000e0000000,0x00000000f557f618,0x00000000f5580000)
 Metaspace       used 57326K, committed 58240K, reserved 1105920K
  class space    used 5408K, committed 5824K, reserved 1048576K
}
Event: 1104.604 GC heap after
{Heap after GC invocations=519 (full 394):
 PSYoungGen      total 78848K, used 48638K [0x00000000f5580000, 0x00000000fc300000, 0x0000000100000000)
  eden space 48640K, 99% used [0x00000000f5580000,0x00000000f84ffa18,0x00000000f8500000)
  from space 30208K, 0% used [0x00000000fa280000,0x00000000fa280000,0x00000000fc000000)
  to   space 30208K, 0% used [0x00000000f8500000,0x00000000f8500000,0x00000000fa280000)
 ParOldGen       total 349696K, used 349693K [0x00000000e0000000, 0x00000000f5580000, 0x00000000f5580000)
  object space 349696K, 99% used [0x00000000e0000000,0x00000000f557f618,0x00000000f5580000)
 Metaspace       used 57326K, committed 58240K, reserved 1105920K
  class space    used 5408K, committed 5824K, reserved 1048576K
}
Event: 1104.605 GC heap before
{Heap before GC invocations=520 (full 395):
 PSYoungGen      total 78848K, used 48639K [0x00000000f5580000, 0x00000000fc300000, 0x0000000100000000)
  eden space 48640K, 99% used [0x00000000f5580000,0x00000000f84ffff0,0x00000000f8500000)
  from space 30208K, 0% used [0x00000000fa280000,0x00000000fa280000,0x00000000fc000000)
  to   space 30208K, 0% used [0x00000000f8500000,0x00000000f8500000,0x00000000fa280000)
 ParOldGen       total 349696K, used 349693K [0x00000000e0000000, 0x00000000f5580000, 0x00000000f5580000)
  object space 349696K, 99% used [0x00000000e0000000,0x00000000f557f618,0x00000000f5580000)
 Metaspace       used 57326K, committed 58240K, reserved 1105920K
  class space    used 5408K, committed 5824K, reserved 1048576K
}
Event: 1106.997 GC heap after
{Heap after GC invocations=520 (full 395):
 PSYoungGen      total 78848K, used 48639K [0x00000000f5580000, 0x00000000fc300000, 0x0000000100000000)
  eden space 48640K, 99% used [0x00000000f5580000,0x00000000f84ffe80,0x00000000f8500000)
  from space 30208K, 0% used [0x00000000f8500000,0x00000000f8500000,0x00000000fa280000)
  to   space 30208K, 0% used [0x00000000fa280000,0x00000000fa280000,0x00000000fc000000)
 ParOldGen       total 349696K, used 349693K [0x00000000e0000000, 0x00000000f5580000, 0x00000000f5580000)
  object space 349696K, 99% used [0x00000000e0000000,0x00000000f557f578,0x00000000f5580000)
 Metaspace       used 57326K, committed 58240K, reserved 1105920K
  class space    used 5408K, committed 5824K, reserved 1048576K
}
Event: 1106.997 GC heap before
{Heap before GC invocations=521 (full 396):
 PSYoungGen      total 78848K, used 48639K [0x00000000f5580000, 0x00000000fc300000, 0x0000000100000000)
  eden space 48640K, 99% used [0x00000000f5580000,0x00000000f84ffe80,0x00000000f8500000)
  from space 30208K, 0% used [0x00000000f8500000,0x00000000f8500000,0x00000000fa280000)
  to   space 30208K, 0% used [0x00000000fa280000,0x00000000fa280000,0x00000000fc000000)
 ParOldGen       total 349696K, used 349693K [0x00000000e0000000, 0x00000000f5580000, 0x00000000f5580000)
  object space 349696K, 99% used [0x00000000e0000000,0x00000000f557f578,0x00000000f5580000)
 Metaspace       used 57326K, committed 58240K, reserved 1105920K
  class space    used 5408K, committed 5824K, reserved 1048576K
}
Event: 1109.341 GC heap after
{Heap after GC invocations=521 (full 396):
 PSYoungGen      total 78848K, used 48639K [0x00000000f5580000, 0x00000000fc300000, 0x0000000100000000)
  eden space 48640K, 99% used [0x00000000f5580000,0x00000000f84ffe80,0x00000000f8500000)
  from space 30208K, 0% used [0x00000000fa280000,0x00000000fa280000,0x00000000fc000000)
  to   space 30208K, 0% used [0x00000000f8500000,0x00000000f8500000,0x00000000fa280000)
 ParOldGen       total 349696K, used 349693K [0x00000000e0000000, 0x00000000f5580000, 0x00000000f5580000)
  object space 349696K, 99% used [0x00000000e0000000,0x00000000f557f578,0x00000000f5580000)
 Metaspace       used 57326K, committed 58240K, reserved 1105920K
  class space    used 5408K, committed 5824K, reserved 1048576K
}

