# JRE version: OpenJDK Runtime Environment GraalVM CE 22.3.0 (17.0.5+8) (build 17.0.5+8-jvmci-22.3-b08)
# Java VM: OpenJDK 64-Bit Server VM GraalVM CE 22.3.0 (17.0.5+8-jvmci-22.3-b08, mixed mode, sharing, tiered, jvmci, jvmci compiler, compressed oops, compressed class ptrs, parallel gc, linux-amd64)
GC Precious Log:
 CPUs: 8 total, 1 available
 Memory: 1024M
 Large Page Support: Disabled
 NUMA Support: Disabled
 Compressed Oops: Enabled (32-bit)
 Alignments: Space 512K, Generation 512K, Heap 2M
 Heap Min Capacity: 100M
 Heap Initial Capacity: 100M
 Heap Max Capacity: 512M
 Pre-touch: Disabled
 Parallel Workers: 1
Heap:
 PSYoungGen      total 42496K, used 31232K [0x00000000f5580000, 0x00000000f9000000, 0x0000000100000000)
  eden space 31232K, 100% used [0x00000000f5580000,0x00000000f7400000,0x00000000f7400000)
  from space 11264K, 0% used [0x00000000f7400000,0x00000000f7400000,0x00000000f7f00000)
  to   space 11264K, 0% used [0x00000000f8500000,0x00000000f8500000,0x00000000f9000000)
 ParOldGen       total 349696K, used 349695K [0x00000000e0000000, 0x00000000f5580000, 0x00000000f5580000)
  object space 349696K, 99% used [0x00000000e0000000,0x00000000f557fff8,0x00000000f5580000)
 Metaspace       used 54856K, committed 56000K, reserved 1105920K
  class space    used 5547K, committed 6016K, reserved 1048576K
GC Heap History (20 events):
Event: 473.011 GC heap before
{Heap before GC invocations=388 (full 294):
 PSYoungGen      total 42496K, used 31231K [0x00000000f5580000, 0x00000000f9000000, 0x0000000100000000)
  eden space 31232K, 99% used [0x00000000f5580000,0x00000000f73fff90,0x00000000f7400000)
  from space 11264K, 0% used [0x00000000f7400000,0x00000000f7400000,0x00000000f7f00000)
  to   space 11264K, 0% used [0x00000000f8500000,0x00000000f8500000,0x00000000f9000000)
 ParOldGen       total 349696K, used 349695K [0x00000000e0000000, 0x00000000f5580000, 0x00000000f5580000)
  object space 349696K, 99% used [0x00000000e0000000,0x00000000f557ffc8,0x00000000f5580000)
 Metaspace       used 54854K, committed 56000K, reserved 1105920K
  class space    used 5546K, committed 6016K, reserved 1048576K
}
Event: 474.177 GC heap after
{Heap after GC invocations=388 (full 294):
 PSYoungGen      total 42496K, used 31231K [0x00000000f5580000, 0x00000000f9000000, 0x0000000100000000)
  eden space 31232K, 99% used [0x00000000f5580000,0x00000000f73fff90,0x00000000f7400000)
  from space 11264K, 0% used [0x00000000f8500000,0x00000000f8500000,0x00000000f9000000)
  to   space 11264K, 0% used [0x00000000f7400000,0x00000000f7400000,0x00000000f7f00000)
 ParOldGen       total 349696K, used 349695K [0x00000000e0000000, 0x00000000f5580000, 0x00000000f5580000)
  object space 349696K, 99% used [0x00000000e0000000,0x00000000f557ffc8,0x00000000f5580000)
 Metaspace       used 54854K, committed 56000K, reserved 1105920K
  class space    used 5546K, committed 6016K, reserved 1048576K
}
Event: 474.178 GC heap before
{Heap before GC invocations=389 (full 295):
 PSYoungGen      total 42496K, used 31231K [0x00000000f5580000, 0x00000000f9000000, 0x0000000100000000)
  eden space 31232K, 99% used [0x00000000f5580000,0x00000000f73ffff0,0x00000000f7400000)
  from space 11264K, 0% used [0x00000000f8500000,0x00000000f8500000,0x00000000f9000000)
  to   space 11264K, 0% used [0x00000000f7400000,0x00000000f7400000,0x00000000f7f00000)
 ParOldGen       total 349696K, used 349695K [0x00000000e0000000, 0x00000000f5580000, 0x00000000f5580000)
  object space 349696K, 99% used [0x00000000e0000000,0x00000000f557ffc8,0x00000000f5580000)
 Metaspace       used 54854K, committed 56000K, reserved 1105920K
  class space    used 5546K, committed 6016K, reserved 1048576K
}
Event: 475.399 GC heap after
{Heap after GC invocations=389 (full 295):
 PSYoungGen      total 42496K, used 31231K [0x00000000f5580000, 0x00000000f9000000, 0x0000000100000000)
  eden space 31232K, 99% used [0x00000000f5580000,0x00000000f73fff88,0x00000000f7400000)
  from space 11264K, 0% used [0x00000000f7400000,0x00000000f7400000,0x00000000f7f00000)
  to   space 11264K, 0% used [0x00000000f8500000,0x00000000f8500000,0x00000000f9000000)
 ParOldGen       total 349696K, used 349694K [0x00000000e0000000, 0x00000000f5580000, 0x00000000f5580000)
  object space 349696K, 99% used [0x00000000e0000000,0x00000000f557f890,0x00000000f5580000)
 Metaspace       used 54854K, committed 56000K, reserved 1105920K
  class space    used 5546K, committed 6016K, reserved 1048576K
}
Event: 475.399 GC heap before
{Heap before GC invocations=390 (full 296):
 PSYoungGen      total 42496K, used 31232K [0x00000000f5580000, 0x00000000f9000000, 0x0000000100000000)
  eden space 31232K, 100% used [0x00000000f5580000,0x00000000f7400000,0x00000000f7400000)
  from space 11264K, 0% used [0x00000000f7400000,0x00000000f7400000,0x00000000f7f00000)
  to   space 11264K, 0% used [0x00000000f8500000,0x00000000f8500000,0x00000000f9000000)
 ParOldGen       total 349696K, used 349694K [0x00000000e0000000, 0x00000000f5580000, 0x00000000f5580000)
  object space 349696K, 99% used [0x00000000e0000000,0x00000000f557f890,0x00000000f5580000)
 Metaspace       used 54854K, committed 56000K, reserved 1105920K
  class space    used 5546K, committed 6016K, reserved 1048576K
}
Event: 476.527 GC heap after
{Heap after GC invocations=390 (full 296):
 PSYoungGen      total 42496K, used 31232K [0x00000000f5580000, 0x00000000f9000000, 0x0000000100000000)
  eden space 31232K, 100% used [0x00000000f5580000,0x00000000f7400000,0x00000000f7400000)
  from space 11264K, 0% used [0x00000000f8500000,0x00000000f8500000,0x00000000f9000000)
  to   space 11264K, 0% used [0x00000000f7400000,0x00000000f7400000,0x00000000f7f00000)
 ParOldGen       total 349696K, used 349694K [0x00000000e0000000, 0x00000000f5580000, 0x00000000f5580000)
  object space 349696K, 99% used [0x00000000e0000000,0x00000000f557f890,0x00000000f5580000)
 Metaspace       used 54854K, committed 56000K, reserved 1105920K
  class space    used 5546K, committed 6016K, reserved 1048576K
}
Event: 476.527 GC heap before
{Heap before GC invocations=391 (full 297):
 PSYoungGen      total 42496K, used 31232K [0x00000000f5580000, 0x00000000f9000000, 0x0000000100000000)
  eden space 31232K, 100% used [0x00000000f5580000,0x00000000f7400000,0x00000000f7400000)
  from space 11264K, 0% used [0x00000000f8500000,0x00000000f8500000,0x00000000f9000000)
  to   space 11264K, 0% used [0x00000000f7400000,0x00000000f7400000,0x00000000f7f00000)
 ParOldGen       total 349696K, used 349695K [0x00000000e0000000, 0x00000000f5580000, 0x00000000f5580000)
  object space 349696K, 99% used [0x00000000e0000000,0x00000000f557fff8,0x00000000f5580000)
 Metaspace       used 54856K, committed 56000K, reserved 1105920K
  class space    used 5547K, committed 6016K, reserved 1048576K
}
Event: 477.811 GC heap after
{Heap after GC invocations=391 (full 297):
 PSYoungGen      total 42496K, used 31231K [0x00000000f5580000, 0x00000000f9000000, 0x0000000100000000)
  eden space 31232K, 99% used [0x00000000f5580000,0x00000000f73fff58,0x00000000f7400000)
  from space 11264K, 0% used [0x00000000f7400000,0x00000000f7400000,0x00000000f7f00000)
  to   space 11264K, 0% used [0x00000000f8500000,0x00000000f8500000,0x00000000f9000000)
 ParOldGen       total 349696K, used 349695K [0x00000000e0000000, 0x00000000f5580000, 0x00000000f5580000)
  object space 349696K, 99% used [0x00000000e0000000,0x00000000f557fe60,0x00000000f5580000)
 Metaspace       used 54856K, committed 56000K, reserved 1105920K
  class space    used 5547K, committed 6016K, reserved 1048576K
}
Event: 477.814 GC heap before
{Heap before GC invocations=392 (full 298):
 PSYoungGen      total 42496K, used 31232K [0x00000000f5580000, 0x00000000f9000000, 0x0000000100000000)
  eden space 31232K, 100% used [0x00000000f5580000,0x00000000f7400000,0x00000000f7400000)
  from space 11264K, 0% used [0x00000000f7400000,0x00000000f7400000,0x00000000f7f00000)
  to   space 11264K, 0% used [0x00000000f8500000,0x00000000f8500000,0x00000000f9000000)
 ParOldGen       total 349696K, used 349695K [0x00000000e0000000, 0x00000000f5580000, 0x00000000f5580000)
  object space 349696K, 99% used [0x00000000e0000000,0x00000000f557fe60,0x00000000f5580000)
 Metaspace       used 54856K, committed 56000K, reserved 1105920K
  class space    used 5547K, committed 6016K, reserved 1048576K
}
Event: 479.013 GC heap after
{Heap after GC invocations=392 (full 298):
 PSYoungGen      total 42496K, used 31232K [0x00000000f5580000, 0x00000000f9000000, 0x0000000100000000)
  eden space 31232K, 100% used [0x00000000f5580000,0x00000000f7400000,0x00000000f7400000)
  from space 11264K, 0% used [0x00000000f8500000,0x00000000f8500000,0x00000000f9000000)
  to   space 11264K, 0% used [0x00000000f7400000,0x00000000f7400000,0x00000000f7f00000)
 ParOldGen       total 349696K, used 349695K [0x00000000e0000000, 0x00000000f5580000, 0x00000000f5580000)
  object space 349696K, 99% used [0x00000000e0000000,0x00000000f557fe60,0x00000000f5580000)
 Metaspace       used 54856K, committed 56000K, reserved 1105920K
  class space    used 5547K, committed 6016K, reserved 1048576K
}
Event: 479.014 GC heap before
{Heap before GC invocations=393 (full 299):
 PSYoungGen      total 42496K, used 31232K [0x00000000f5580000, 0x00000000f9000000, 0x0000000100000000)
  eden space 31232K, 100% used [0x00000000f5580000,0x00000000f7400000,0x00000000f7400000)
  from space 11264K, 0% used [0x00000000f8500000,0x00000000f8500000,0x00000000f9000000)
  to   space 11264K, 0% used [0x00000000f7400000,0x00000000f7400000,0x00000000f7f00000)
 ParOldGen       total 349696K, used 349695K [0x00000000e0000000, 0x00000000f5580000, 0x00000000f5580000)
  object space 349696K, 99% used [0x00000000e0000000,0x00000000f557fff0,0x00000000f5580000)
 Metaspace       used 54856K, committed 56000K, reserved 1105920K
  class space    used 5547K, committed 6016K, reserved 1048576K
}
Event: 480.300 GC heap after
{Heap after GC invocations=393 (full 299):
 PSYoungGen      total 42496K, used 31232K [0x00000000f5580000, 0x00000000f9000000, 0x0000000100000000)
  eden space 31232K, 100% used [0x00000000f5580000,0x00000000f7400000,0x00000000f7400000)
  from space 11264K, 0% used [0x00000000f7400000,0x00000000f7400000,0x00000000f7f00000)
  to   space 11264K, 0% used [0x00000000f8500000,0x00000000f8500000,0x00000000f9000000)
 ParOldGen       total 349696K, used 349695K [0x00000000e0000000, 0x00000000f5580000, 0x00000000f5580000)
  object space 349696K, 99% used [0x00000000e0000000,0x00000000f557ffc8,0x00000000f5580000)
 Metaspace       used 54856K, committed 56000K, reserved 1105920K
  class space    used 5547K, committed 6016K, reserved 1048576K
}
Event: 480.301 GC heap before
{Heap before GC invocations=394 (full 300):
 PSYoungGen      total 42496K, used 31232K [0x00000000f5580000, 0x00000000f9000000, 0x0000000100000000)
  eden space 31232K, 100% used [0x00000000f5580000,0x00000000f7400000,0x00000000f7400000)
  from space 11264K, 0% used [0x00000000f7400000,0x00000000f7400000,0x00000000f7f00000)
  to   space 11264K, 0% used [0x00000000f8500000,0x00000000f8500000,0x00000000f9000000)
 ParOldGen       total 349696K, used 349695K [0x00000000e0000000, 0x00000000f5580000, 0x00000000f5580000)
  object space 349696K, 99% used [0x00000000e0000000,0x00000000f557fff8,0x00000000f5580000)
 Metaspace       used 54856K, committed 56000K, reserved 1105920K
  class space    used 5547K, committed 6016K, reserved 1048576K
}
Event: 481.701 GC heap after
{Heap after GC invocations=394 (full 300):
 PSYoungGen      total 42496K, used 31232K [0x00000000f5580000, 0x00000000f9000000, 0x0000000100000000)
  eden space 31232K, 100% used [0x00000000f5580000,0x00000000f7400000,0x00000000f7400000)
  from space 11264K, 0% used [0x00000000f8500000,0x00000000f8500000,0x00000000f9000000)
  to   space 11264K, 0% used [0x00000000f7400000,0x00000000f7400000,0x00000000f7f00000)
 ParOldGen       total 349696K, used 349695K [0x00000000e0000000, 0x00000000f5580000, 0x00000000f5580000)
  object space 349696K, 99% used [0x00000000e0000000,0x00000000f557fff8,0x00000000f5580000)
 Metaspace       used 54856K, committed 56000K, reserved 1105920K
  class space    used 5547K, committed 6016K, reserved 1048576K
}
Event: 481.701 GC heap before
{Heap before GC invocations=395 (full 301):
 PSYoungGen      total 42496K, used 31232K [0x00000000f5580000, 0x00000000f9000000, 0x0000000100000000)
  eden space 31232K, 100% used [0x00000000f5580000,0x00000000f7400000,0x00000000f7400000)
  from space 11264K, 0% used [0x00000000f8500000,0x00000000f8500000,0x00000000f9000000)
  to   space 11264K, 0% used [0x00000000f7400000,0x00000000f7400000,0x00000000f7f00000)
 ParOldGen       total 349696K, used 349695K [0x00000000e0000000, 0x00000000f5580000, 0x00000000f5580000)
  object space 349696K, 99% used [0x00000000e0000000,0x00000000f557fff8,0x00000000f5580000)
 Metaspace       used 54856K, committed 56000K, reserved 1105920K
  class space    used 5547K, committed 6016K, reserved 1048576K
}
Event: 483.003 GC heap after
{Heap after GC invocations=395 (full 301):
 PSYoungGen      total 42496K, used 31232K [0x00000000f5580000, 0x00000000f9000000, 0x0000000100000000)
  eden space 31232K, 100% used [0x00000000f5580000,0x00000000f7400000,0x00000000f7400000)
  from space 11264K, 0% used [0x00000000f7400000,0x00000000f7400000,0x00000000f7f00000)
  to   space 11264K, 0% used [0x00000000f8500000,0x00000000f8500000,0x00000000f9000000)
 ParOldGen       total 349696K, used 349695K [0x00000000e0000000, 0x00000000f5580000, 0x00000000f5580000)
  object space 349696K, 99% used [0x00000000e0000000,0x00000000f557fff8,0x00000000f5580000)
 Metaspace       used 54856K, committed 56000K, reserved 1105920K
  class space    used 5547K, committed 6016K, reserved 1048576K
}
Event: 483.003 GC heap before
{Heap before GC invocations=396 (full 302):
 PSYoungGen      total 42496K, used 31232K [0x00000000f5580000, 0x00000000f9000000, 0x0000000100000000)
  eden space 31232K, 100% used [0x00000000f5580000,0x00000000f7400000,0x00000000f7400000)
  from space 11264K, 0% used [0x00000000f7400000,0x00000000f7400000,0x00000000f7f00000)
  to   space 11264K, 0% used [0x00000000f8500000,0x00000000f8500000,0x00000000f9000000)
 ParOldGen       total 349696K, used 349695K [0x00000000e0000000, 0x00000000f5580000, 0x00000000f5580000)
  object space 349696K, 99% used [0x00000000e0000000,0x00000000f557fff8,0x00000000f5580000)
 Metaspace       used 54856K, committed 56000K, reserved 1105920K
  class space    used 5547K, committed 6016K, reserved 1048576K
}
Event: 484.307 GC heap after
{Heap after GC invocations=396 (full 302):
 PSYoungGen      total 42496K, used 31232K [0x00000000f5580000, 0x00000000f9000000, 0x0000000100000000)
  eden space 31232K, 100% used [0x00000000f5580000,0x00000000f7400000,0x00000000f7400000)
  from space 11264K, 0% used [0x00000000f8500000,0x00000000f8500000,0x00000000f9000000)
  to   space 11264K, 0% used [0x00000000f7400000,0x00000000f7400000,0x00000000f7f00000)
 ParOldGen       total 349696K, used 349695K [0x00000000e0000000, 0x00000000f5580000, 0x00000000f5580000)
  object space 349696K, 99% used [0x00000000e0000000,0x00000000f557fff8,0x00000000f5580000)
 Metaspace       used 54856K, committed 56000K, reserved 1105920K
  class space    used 5547K, committed 6016K, reserved 1048576K
}
Event: 484.307 GC heap before
{Heap before GC invocations=397 (full 303):
 PSYoungGen      total 42496K, used 31232K [0x00000000f5580000, 0x00000000f9000000, 0x0000000100000000)
  eden space 31232K, 100% used [0x00000000f5580000,0x00000000f7400000,0x00000000f7400000)
  from space 11264K, 0% used [0x00000000f8500000,0x00000000f8500000,0x00000000f9000000)
  to   space 11264K, 0% used [0x00000000f7400000,0x00000000f7400000,0x00000000f7f00000)
 ParOldGen       total 349696K, used 349695K [0x00000000e0000000, 0x00000000f5580000, 0x00000000f5580000)
  object space 349696K, 99% used [0x00000000e0000000,0x00000000f557fff8,0x00000000f5580000)
 Metaspace       used 54856K, committed 56000K, reserved 1105920K
  class space    used 5547K, committed 6016K, reserved 1048576K
}
Event: 485.519 GC heap after
{Heap after GC invocations=397 (full 303):
 PSYoungGen      total 42496K, used 31232K [0x00000000f5580000, 0x00000000f9000000, 0x0000000100000000)
  eden space 31232K, 100% used [0x00000000f5580000,0x00000000f7400000,0x00000000f7400000)
  from space 11264K, 0% used [0x00000000f7400000,0x00000000f7400000,0x00000000f7f00000)
  to   space 11264K, 0% used [0x00000000f8500000,0x00000000f8500000,0x00000000f9000000)
 ParOldGen       total 349696K, used 349695K [0x00000000e0000000, 0x00000000f5580000, 0x00000000f5580000)
  object space 349696K, 99% used [0x00000000e0000000,0x00000000f557fff8,0x00000000f5580000)
 Metaspace       used 54856K, committed 56000K, reserved 1105920K
  class space    used 5547K, committed 6016K, reserved 1048576K
}

