# JRE version: OpenJDK Runtime Environment GraalVM CE 22.3.0 (17.0.5+8) (build 17.0.5+8-jvmci-22.3-b08)
# Java VM: OpenJDK 64-Bit Server VM GraalVM CE 22.3.0 (17.0.5+8-jvmci-22.3-b08, mixed mode, sharing, tiered, jvmci, jvmci compiler, compressed oops, compressed class ptrs, parallel gc, linux-amd64)
GC Precious Log:
 CPUs: 8 total, 1 available
 Memory: 1024M
 Large Page Support: Disabled
 NUMA Support: Disabled
 Compressed Oops: Enabled (32-bit)
 Alignments: Space 512K, Generation 512K, Heap 2M
 Heap Min Capacity: 100M
 Heap Initial Capacity: 100M
 Heap Max Capacity: 512M
 Pre-touch: Disabled
 Parallel Workers: 1
Heap:
 PSYoungGen      total 71680K, used 29695K [0x00000000f5580000, 0x00000000fc580000, 0x0000000100000000)
  eden space 29696K, 99% used [0x00000000f5580000,0x00000000f727fff8,0x00000000f7280000)
  from space 41984K, 0% used [0x00000000f7280000,0x00000000f7280000,0x00000000f9b80000)
  to   space 19456K, 0% used [0x00000000f9b80000,0x00000000f9b80000,0x00000000fae80000)
 ParOldGen       total 349696K, used 349696K [0x00000000e0000000, 0x00000000f5580000, 0x00000000f5580000)
  object space 349696K, 100% used [0x00000000e0000000,0x00000000f5580000,0x00000000f5580000)
 Metaspace       used 58969K, committed 59904K, reserved 1105920K
  class space    used 5890K, committed 6272K, reserved 1048576K
GC Heap History (20 events):
Event: 1573.373 GC heap before
{Heap before GC invocations=843 (full 731):
 PSYoungGen      total 71680K, used 29696K [0x00000000f5580000, 0x00000000fc580000, 0x0000000100000000)
  eden space 29696K, 100% used [0x00000000f5580000,0x00000000f7280000,0x00000000f7280000)
  from space 41984K, 0% used [0x00000000f7280000,0x00000000f7280000,0x00000000f9b80000)
  to   space 19456K, 0% used [0x00000000f9b80000,0x00000000f9b80000,0x00000000fae80000)
 ParOldGen       total 349696K, used 349695K [0x00000000e0000000, 0x00000000f5580000, 0x00000000f5580000)
  object space 349696K, 99% used [0x00000000e0000000,0x00000000f557fff8,0x00000000f5580000)
 Metaspace       used 58966K, committed 59904K, reserved 1105920K
  class space    used 5890K, committed 6272K, reserved 1048576K
}
Event: 1575.540 GC heap after
{Heap after GC invocations=843 (full 731):
 PSYoungGen      total 49152K, used 29695K [0x00000000f5580000, 0x00000000fc580000, 0x0000000100000000)
  eden space 29696K, 99% used [0x00000000f5580000,0x00000000f727ff90,0x00000000f7280000)
  from space 19456K, 0% used [0x00000000f9b80000,0x00000000f9b80000,0x00000000fae80000)
  to   space 41984K, 0% used [0x00000000f7280000,0x00000000f7280000,0x00000000f9b80000)
 ParOldGen       total 349696K, used 349694K [0x00000000e0000000, 0x00000000f5580000, 0x00000000f5580000)
  object space 349696K, 99% used [0x00000000e0000000,0x00000000f557f9d8,0x00000000f5580000)
 Metaspace       used 58966K, committed 59904K, reserved 1105920K
  class space    used 5890K, committed 6272K, reserved 1048576K
}
Event: 1575.553 GC heap before
{Heap before GC invocations=844 (full 732):
 PSYoungGen      total 49152K, used 29695K [0x00000000f5580000, 0x00000000fc580000, 0x0000000100000000)
  eden space 29696K, 99% used [0x00000000f5580000,0x00000000f727ffd0,0x00000000f7280000)
  from space 19456K, 0% used [0x00000000f9b80000,0x00000000f9b80000,0x00000000fae80000)
  to   space 41984K, 0% used [0x00000000f7280000,0x00000000f7280000,0x00000000f9b80000)
 ParOldGen       total 349696K, used 349694K [0x00000000e0000000, 0x00000000f5580000, 0x00000000f5580000)
  object space 349696K, 99% used [0x00000000e0000000,0x00000000f557f9d8,0x00000000f5580000)
 Metaspace       used 58966K, committed 59904K, reserved 1105920K
  class space    used 5890K, committed 6272K, reserved 1048576K
}
Event: 1577.603 GC heap after
{Heap after GC invocations=844 (full 732):
 PSYoungGen      total 71680K, used 29695K [0x00000000f5580000, 0x00000000fc580000, 0x0000000100000000)
  eden space 29696K, 99% used [0x00000000f5580000,0x00000000f727ffb0,0x00000000f7280000)
  from space 41984K, 0% used [0x00000000f7280000,0x00000000f7280000,0x00000000f9b80000)
  to   space 19456K, 0% used [0x00000000f9b80000,0x00000000f9b80000,0x00000000fae80000)
 ParOldGen       total 349696K, used 349694K [0x00000000e0000000, 0x00000000f5580000, 0x00000000f5580000)
  object space 349696K, 99% used [0x00000000e0000000,0x00000000f557f9d8,0x00000000f5580000)
 Metaspace       used 58966K, committed 59904K, reserved 1105920K
  class space    used 5890K, committed 6272K, reserved 1048576K
}
Event: 1577.604 GC heap before
{Heap before GC invocations=845 (full 733):
 PSYoungGen      total 71680K, used 29696K [0x00000000f5580000, 0x00000000fc580000, 0x0000000100000000)
  eden space 29696K, 100% used [0x00000000f5580000,0x00000000f7280000,0x00000000f7280000)
  from space 41984K, 0% used [0x00000000f7280000,0x00000000f7280000,0x00000000f9b80000)
  to   space 19456K, 0% used [0x00000000f9b80000,0x00000000f9b80000,0x00000000fae80000)
 ParOldGen       total 349696K, used 349694K [0x00000000e0000000, 0x00000000f5580000, 0x00000000f5580000)
  object space 349696K, 99% used [0x00000000e0000000,0x00000000f557f9d8,0x00000000f5580000)
 Metaspace       used 58966K, committed 59904K, reserved 1105920K
  class space    used 5890K, committed 6272K, reserved 1048576K
}
Event: 1582.301 GC heap after
{Heap after GC invocations=845 (full 733):
 PSYoungGen      total 49152K, used 29694K [0x00000000f5580000, 0x00000000fc580000, 0x0000000100000000)
  eden space 29696K, 99% used [0x00000000f5580000,0x00000000f727f9e8,0x00000000f7280000)
  from space 19456K, 0% used [0x00000000f9b80000,0x00000000f9b80000,0x00000000fae80000)
  to   space 41984K, 0% used [0x00000000f7280000,0x00000000f7280000,0x00000000f9b80000)
 ParOldGen       total 349696K, used 349694K [0x00000000e0000000, 0x00000000f5580000, 0x00000000f5580000)
  object space 349696K, 99% used [0x00000000e0000000,0x00000000f557f9d8,0x00000000f5580000)
 Metaspace       used 58966K, committed 59904K, reserved 1105920K
  class space    used 5890K, committed 6272K, reserved 1048576K
}
Event: 1582.302 GC heap before
{Heap before GC invocations=846 (full 734):
 PSYoungGen      total 49152K, used 29695K [0x00000000f5580000, 0x00000000fc580000, 0x0000000100000000)
  eden space 29696K, 99% used [0x00000000f5580000,0x00000000f727fff8,0x00000000f7280000)
  from space 19456K, 0% used [0x00000000f9b80000,0x00000000f9b80000,0x00000000fae80000)
  to   space 41984K, 0% used [0x00000000f7280000,0x00000000f7280000,0x00000000f9b80000)
 ParOldGen       total 349696K, used 349694K [0x00000000e0000000, 0x00000000f5580000, 0x00000000f5580000)
  object space 349696K, 99% used [0x00000000e0000000,0x00000000f557f9d8,0x00000000f5580000)
 Metaspace       used 58966K, committed 59904K, reserved 1105920K
  class space    used 5890K, committed 6272K, reserved 1048576K
}
Event: 1588.249 GC heap after
{Heap after GC invocations=846 (full 734):
 PSYoungGen      total 71680K, used 29694K [0x00000000f5580000, 0x00000000fc580000, 0x0000000100000000)
  eden space 29696K, 99% used [0x00000000f5580000,0x00000000f727fa58,0x00000000f7280000)
  from space 41984K, 0% used [0x00000000f7280000,0x00000000f7280000,0x00000000f9b80000)
  to   space 19456K, 0% used [0x00000000f9b80000,0x00000000f9b80000,0x00000000fae80000)
 ParOldGen       total 349696K, used 349694K [0x00000000e0000000, 0x00000000f5580000, 0x00000000f5580000)
  object space 349696K, 99% used [0x00000000e0000000,0x00000000f557f9d8,0x00000000f5580000)
 Metaspace       used 58966K, committed 59904K, reserved 1105920K
  class space    used 5890K, committed 6272K, reserved 1048576K
}
Event: 1588.251 GC heap before
{Heap before GC invocations=847 (full 735):
 PSYoungGen      total 71680K, used 29694K [0x00000000f5580000, 0x00000000fc580000, 0x0000000100000000)
  eden space 29696K, 99% used [0x00000000f5580000,0x00000000f727fb50,0x00000000f7280000)
  from space 41984K, 0% used [0x00000000f7280000,0x00000000f7280000,0x00000000f9b80000)
  to   space 19456K, 0% used [0x00000000f9b80000,0x00000000f9b80000,0x00000000fae80000)
 ParOldGen       total 349696K, used 349694K [0x00000000e0000000, 0x00000000f5580000, 0x00000000f5580000)
  object space 349696K, 99% used [0x00000000e0000000,0x00000000f557f9d8,0x00000000f5580000)
 Metaspace       used 58966K, committed 59904K, reserved 1105920K
  class space    used 5890K, committed 6272K, reserved 1048576K
}
Event: 1590.709 GC heap after
{Heap after GC invocations=847 (full 735):
 PSYoungGen      total 49152K, used 29693K [0x00000000f5580000, 0x00000000fc580000, 0x0000000100000000)
  eden space 29696K, 99% used [0x00000000f5580000,0x00000000f727f400,0x00000000f7280000)
  from space 19456K, 0% used [0x00000000f9b80000,0x00000000f9b80000,0x00000000fae80000)
  to   space 41984K, 0% used [0x00000000f7280000,0x00000000f7280000,0x00000000f9b80000)
 ParOldGen       total 349696K, used 349694K [0x00000000e0000000, 0x00000000f5580000, 0x00000000f5580000)
  object space 349696K, 99% used [0x00000000e0000000,0x00000000f557f9d8,0x00000000f5580000)
 Metaspace       used 58966K, committed 59904K, reserved 1105920K
  class space    used 5890K, committed 6272K, reserved 1048576K
}
Event: 1590.709 GC heap before
{Heap before GC invocations=848 (full 736):
 PSYoungGen      total 49152K, used 29696K [0x00000000f5580000, 0x00000000fc580000, 0x0000000100000000)
  eden space 29696K, 100% used [0x00000000f5580000,0x00000000f7280000,0x00000000f7280000)
  from space 19456K, 0% used [0x00000000f9b80000,0x00000000f9b80000,0x00000000fae80000)
  to   space 41984K, 0% used [0x00000000f7280000,0x00000000f7280000,0x00000000f9b80000)
 ParOldGen       total 349696K, used 349694K [0x00000000e0000000, 0x00000000f5580000, 0x00000000f5580000)
  object space 349696K, 99% used [0x00000000e0000000,0x00000000f557f9d8,0x00000000f5580000)
 Metaspace       used 58966K, committed 59904K, reserved 1105920K
  class space    used 5890K, committed 6272K, reserved 1048576K
}
Event: 1592.602 GC heap after
{Heap after GC invocations=848 (full 736):
 PSYoungGen      total 71680K, used 29693K [0x00000000f5580000, 0x00000000fc580000, 0x0000000100000000)
  eden space 29696K, 99% used [0x00000000f5580000,0x00000000f727f7d8,0x00000000f7280000)
  from space 41984K, 0% used [0x00000000f7280000,0x00000000f7280000,0x00000000f9b80000)
  to   space 19456K, 0% used [0x00000000f9b80000,0x00000000f9b80000,0x00000000fae80000)
 ParOldGen       total 349696K, used 349694K [0x00000000e0000000, 0x00000000f5580000, 0x00000000f5580000)
  object space 349696K, 99% used [0x00000000e0000000,0x00000000f557f988,0x00000000f5580000)
 Metaspace       used 58966K, committed 59904K, reserved 1105920K
  class space    used 5890K, committed 6272K, reserved 1048576K
}
Event: 1592.602 GC heap before
{Heap before GC invocations=849 (full 737):
 PSYoungGen      total 71680K, used 29696K [0x00000000f5580000, 0x00000000fc580000, 0x0000000100000000)
  eden space 29696K, 100% used [0x00000000f5580000,0x00000000f7280000,0x00000000f7280000)
  from space 41984K, 0% used [0x00000000f7280000,0x00000000f7280000,0x00000000f9b80000)
  to   space 19456K, 0% used [0x00000000f9b80000,0x00000000f9b80000,0x00000000fae80000)
 ParOldGen       total 349696K, used 349694K [0x00000000e0000000, 0x00000000f5580000, 0x00000000f5580000)
  object space 349696K, 99% used [0x00000000e0000000,0x00000000f557f988,0x00000000f5580000)
 Metaspace       used 58966K, committed 59904K, reserved 1105920K
  class space    used 5890K, committed 6272K, reserved 1048576K
}
Event: 1594.701 GC heap after
{Heap after GC invocations=849 (full 737):
 PSYoungGen      total 49152K, used 29693K [0x00000000f5580000, 0x00000000fc580000, 0x0000000100000000)
  eden space 29696K, 99% used [0x00000000f5580000,0x00000000f727f7b8,0x00000000f7280000)
  from space 19456K, 0% used [0x00000000f9b80000,0x00000000f9b80000,0x00000000fae80000)
  to   space 41984K, 0% used [0x00000000f7280000,0x00000000f7280000,0x00000000f9b80000)
 ParOldGen       total 349696K, used 349694K [0x00000000e0000000, 0x00000000f5580000, 0x00000000f5580000)
  object space 349696K, 99% used [0x00000000e0000000,0x00000000f557f988,0x00000000f5580000)
 Metaspace       used 58966K, committed 59904K, reserved 1105920K
  class space    used 5890K, committed 6272K, reserved 1048576K
}
Event: 1594.701 GC heap before
{Heap before GC invocations=850 (full 738):
 PSYoungGen      total 49152K, used 29696K [0x00000000f5580000, 0x00000000fc580000, 0x0000000100000000)
  eden space 29696K, 100% used [0x00000000f5580000,0x00000000f7280000,0x00000000f7280000)
  from space 19456K, 0% used [0x00000000f9b80000,0x00000000f9b80000,0x00000000fae80000)
  to   space 41984K, 0% used [0x00000000f7280000,0x00000000f7280000,0x00000000f9b80000)
 ParOldGen       total 349696K, used 349694K [0x00000000e0000000, 0x00000000f5580000, 0x00000000f5580000)
  object space 349696K, 99% used [0x00000000e0000000,0x00000000f557f988,0x00000000f5580000)
 Metaspace       used 58966K, committed 59904K, reserved 1105920K
  class space    used 5890K, committed 6272K, reserved 1048576K
}
Event: 1596.659 GC heap after
{Heap after GC invocations=850 (full 738):
 PSYoungGen      total 71680K, used 29694K [0x00000000f5580000, 0x00000000fc580000, 0x0000000100000000)
  eden space 29696K, 99% used [0x00000000f5580000,0x00000000f727f9b0,0x00000000f7280000)
  from space 41984K, 0% used [0x00000000f7280000,0x00000000f7280000,0x00000000f9b80000)
  to   space 19456K, 0% used [0x00000000f9b80000,0x00000000f9b80000,0x00000000fae80000)
 ParOldGen       total 349696K, used 349694K [0x00000000e0000000, 0x00000000f5580000, 0x00000000f5580000)
  object space 349696K, 99% used [0x00000000e0000000,0x00000000f557f988,0x00000000f5580000)
 Metaspace       used 58966K, committed 59904K, reserved 1105920K
  class space    used 5890K, committed 6272K, reserved 1048576K
}
Event: 1596.660 GC heap before
{Heap before GC invocations=851 (full 739):
 PSYoungGen      total 71680K, used 29695K [0x00000000f5580000, 0x00000000fc580000, 0x0000000100000000)
  eden space 29696K, 99% used [0x00000000f5580000,0x00000000f727fff0,0x00000000f7280000)
  from space 41984K, 0% used [0x00000000f7280000,0x00000000f7280000,0x00000000f9b80000)
  to   space 19456K, 0% used [0x00000000f9b80000,0x00000000f9b80000,0x00000000fae80000)
 ParOldGen       total 349696K, used 349694K [0x00000000e0000000, 0x00000000f5580000, 0x00000000f5580000)
  object space 349696K, 99% used [0x00000000e0000000,0x00000000f557f988,0x00000000f5580000)
 Metaspace       used 58969K, committed 59904K, reserved 1105920K
  class space    used 5890K, committed 6272K, reserved 1048576K
}
Event: 1598.550 GC heap after
{Heap after GC invocations=851 (full 739):
 PSYoungGen      total 49152K, used 29694K [0x00000000f5580000, 0x00000000fc580000, 0x0000000100000000)
  eden space 29696K, 99% used [0x00000000f5580000,0x00000000f727f9b0,0x00000000f7280000)
  from space 19456K, 0% used [0x00000000f9b80000,0x00000000f9b80000,0x00000000fae80000)
  to   space 41984K, 0% used [0x00000000f7280000,0x00000000f7280000,0x00000000f9b80000)
 ParOldGen       total 349696K, used 349694K [0x00000000e0000000, 0x00000000f5580000, 0x00000000f5580000)
  object space 349696K, 99% used [0x00000000e0000000,0x00000000f557f950,0x00000000f5580000)
 Metaspace       used 58969K, committed 59904K, reserved 1105920K
  class space    used 5890K, committed 6272K, reserved 1048576K
}
Event: 1598.550 GC heap before
{Heap before GC invocations=852 (full 740):
 PSYoungGen      total 49152K, used 29694K [0x00000000f5580000, 0x00000000fc580000, 0x0000000100000000)
  eden space 29696K, 99% used [0x00000000f5580000,0x00000000f727f9b0,0x00000000f7280000)
  from space 19456K, 0% used [0x00000000f9b80000,0x00000000f9b80000,0x00000000fae80000)
  to   space 41984K, 0% used [0x00000000f7280000,0x00000000f7280000,0x00000000f9b80000)
 ParOldGen       total 349696K, used 349694K [0x00000000e0000000, 0x00000000f5580000, 0x00000000f5580000)
  object space 349696K, 99% used [0x00000000e0000000,0x00000000f557f950,0x00000000f5580000)
 Metaspace       used 58969K, committed 59904K, reserved 1105920K
  class space    used 5890K, committed 6272K, reserved 1048576K
}
Event: 1600.415 GC heap after
{Heap after GC invocations=852 (full 740):
 PSYoungGen      total 71680K, used 29694K [0x00000000f5580000, 0x00000000fc580000, 0x0000000100000000)
  eden space 29696K, 99% used [0x00000000f5580000,0x00000000f727f9b0,0x00000000f7280000)
  from space 41984K, 0% used [0x00000000f7280000,0x00000000f7280000,0x00000000f9b80000)
  to   space 19456K, 0% used [0x00000000f9b80000,0x00000000f9b80000,0x00000000fae80000)
 ParOldGen       total 349696K, used 349694K [0x00000000e0000000, 0x00000000f5580000, 0x00000000f5580000)
  object space 349696K, 99% used [0x00000000e0000000,0x00000000f557f950,0x00000000f5580000)
 Metaspace       used 58969K, committed 59904K, reserved 1105920K
  class space    used 5890K, committed 6272K, reserved 1048576K
}

