# JRE version: OpenJDK Runtime Environment GraalVM CE 22.3.0 (17.0.5+8) (build 17.0.5+8-jvmci-22.3-b08)
# Java VM: OpenJDK 64-Bit Server VM GraalVM CE 22.3.0 (17.0.5+8-jvmci-22.3-b08, mixed mode, sharing, tiered, jvmci, jvmci compiler, compressed oops, compressed class ptrs, parallel gc, linux-amd64)
GC Precious Log:
 CPUs: 8 total, 1 available
 Memory: 1024M
 Large Page Support: Disabled
 NUMA Support: Disabled
 Compressed Oops: Enabled (32-bit)
 Alignments: Space 512K, Generation 512K, Heap 2M
 Heap Min Capacity: 100M
 Heap Initial Capacity: 100M
 Heap Max Capacity: 512M
 Pre-touch: Disabled
 Parallel Workers: 1
Heap:
 PSYoungGen      total 26624K, used 19173K [0x00000000f5580000, 0x00000000f7a80000, 0x0000000100000000)
  eden space 22016K, 81% used [0x00000000f5580000,0x00000000f670f5a0,0x00000000f6b00000)
  from space 4608K, 25% used [0x00000000f7200000,0x00000000f7329ff8,0x00000000f7680000)
  to   space 2560K, 0% used [0x00000000f7800000,0x00000000f7800000,0x00000000f7a80000)
 ParOldGen       total 68608K, used 37697K [0x00000000e0000000, 0x00000000e4300000, 0x00000000f5580000)
  object space 68608K, 54% used [0x00000000e0000000,0x00000000e24d05b8,0x00000000e4300000)
 Metaspace       used 46010K, committed 46912K, reserved 1097728K
  class space    used 4623K, committed 5056K, reserved 1048576K
GC Heap History (20 events):
Event: 24.417 GC heap before
{Heap before GC invocations=10 (full 1):
 PSYoungGen      total 30208K, used 30016K [0x00000000f5580000, 0x00000000f7b80000, 0x0000000100000000)
  eden space 22016K, 100% used [0x00000000f5580000,0x00000000f6b00000,0x00000000f6b00000)
  from space 8192K, 97% used [0x00000000f7380000,0x00000000f7b50020,0x00000000f7b80000)
  to   space 8192K, 0% used [0x00000000f6b80000,0x00000000f6b80000,0x00000000f7380000)
 ParOldGen       total 68608K, used 14422K [0x00000000e0000000, 0x00000000e4300000, 0x00000000f5580000)
  object space 68608K, 21% used [0x00000000e0000000,0x00000000e0e15b10,0x00000000e4300000)
 Metaspace       used 33705K, committed 34432K, reserved 1081344K
  class space    used 3550K, committed 3904K, reserved 1048576K
}
Event: 24.524 GC heap after
{Heap after GC invocations=10 (full 1):
 PSYoungGen      total 28672K, used 6521K [0x00000000f5580000, 0x00000000f7900000, 0x0000000100000000)
  eden space 22016K, 0% used [0x00000000f5580000,0x00000000f5580000,0x00000000f6b00000)
  from space 6656K, 97% used [0x00000000f6b80000,0x00000000f71de630,0x00000000f7200000)
  to   space 7168K, 0% used [0x00000000f7200000,0x00000000f7200000,0x00000000f7900000)
 ParOldGen       total 68608K, used 18276K [0x00000000e0000000, 0x00000000e4300000, 0x00000000f5580000)
  object space 68608K, 26% used [0x00000000e0000000,0x00000000e11d9168,0x00000000e4300000)
 Metaspace       used 33705K, committed 34432K, reserved 1081344K
  class space    used 3550K, committed 3904K, reserved 1048576K
}
Event: 24.729 GC heap before
{Heap before GC invocations=11 (full 1):
 PSYoungGen      total 28672K, used 28537K [0x00000000f5580000, 0x00000000f7900000, 0x0000000100000000)
  eden space 22016K, 100% used [0x00000000f5580000,0x00000000f6b00000,0x00000000f6b00000)
  from space 6656K, 97% used [0x00000000f6b80000,0x00000000f71de630,0x00000000f7200000)
  to   space 7168K, 0% used [0x00000000f7200000,0x00000000f7200000,0x00000000f7900000)
 ParOldGen       total 68608K, used 18276K [0x00000000e0000000, 0x00000000e4300000, 0x00000000f5580000)
  object space 68608K, 26% used [0x00000000e0000000,0x00000000e11d9168,0x00000000e4300000)
 Metaspace       used 33706K, committed 34432K, reserved 1081344K
  class space    used 3550K, committed 3904K, reserved 1048576K
}
Event: 24.820 GC heap after
{Heap after GC invocations=11 (full 1):
 PSYoungGen      total 27136K, used 4985K [0x00000000f5580000, 0x00000000f7700000, 0x0000000100000000)
  eden space 22016K, 0% used [0x00000000f5580000,0x00000000f5580000,0x00000000f6b00000)
  from space 5120K, 97% used [0x00000000f7200000,0x00000000f76de630,0x00000000f7700000)
  to   space 6144K, 0% used [0x00000000f6b00000,0x00000000f6b00000,0x00000000f7100000)
 ParOldGen       total 68608K, used 22295K [0x00000000e0000000, 0x00000000e4300000, 0x00000000f5580000)
  object space 68608K, 32% used [0x00000000e0000000,0x00000000e15c5e78,0x00000000e4300000)
 Metaspace       used 33706K, committed 34432K, reserved 1081344K
  class space    used 3550K, committed 3904K, reserved 1048576K
}
Event: 25.028 GC heap before
{Heap before GC invocations=12 (full 1):
 PSYoungGen      total 27136K, used 27001K [0x00000000f5580000, 0x00000000f7700000, 0x0000000100000000)
  eden space 22016K, 100% used [0x00000000f5580000,0x00000000f6b00000,0x00000000f6b00000)
  from space 5120K, 97% used [0x00000000f7200000,0x00000000f76de630,0x00000000f7700000)
  to   space 6144K, 0% used [0x00000000f6b00000,0x00000000f6b00000,0x00000000f7100000)
 ParOldGen       total 68608K, used 22295K [0x00000000e0000000, 0x00000000e4300000, 0x00000000f5580000)
  object space 68608K, 32% used [0x00000000e0000000,0x00000000e15c5e78,0x00000000e4300000)
 Metaspace       used 33714K, committed 34432K, reserved 1081344K
  class space    used 3550K, committed 3904K, reserved 1048576K
}
Event: 25.201 GC heap after
{Heap after GC invocations=12 (full 1):
 PSYoungGen      total 28160K, used 2304K [0x00000000f5580000, 0x00000000f7f00000, 0x0000000100000000)
  eden space 22016K, 0% used [0x00000000f5580000,0x00000000f5580000,0x00000000f6b00000)
  from space 6144K, 37% used [0x00000000f6b00000,0x00000000f6d40000,0x00000000f7100000)
  to   space 3584K, 0% used [0x00000000f7b80000,0x00000000f7b80000,0x00000000f7f00000)
 ParOldGen       total 68608K, used 27268K [0x00000000e0000000, 0x00000000e4300000, 0x00000000f5580000)
  object space 68608K, 39% used [0x00000000e0000000,0x00000000e1aa1370,0x00000000e4300000)
 Metaspace       used 33714K, committed 34432K, reserved 1081344K
  class space    used 3550K, committed 3904K, reserved 1048576K
}
Event: 26.231 GC heap before
{Heap before GC invocations=13 (full 1):
 PSYoungGen      total 28160K, used 24320K [0x00000000f5580000, 0x00000000f7f00000, 0x0000000100000000)
  eden space 22016K, 100% used [0x00000000f5580000,0x00000000f6b00000,0x00000000f6b00000)
  from space 6144K, 37% used [0x00000000f6b00000,0x00000000f6d40000,0x00000000f7100000)
  to   space 3584K, 0% used [0x00000000f7b80000,0x00000000f7b80000,0x00000000f7f00000)
 ParOldGen       total 68608K, used 27268K [0x00000000e0000000, 0x00000000e4300000, 0x00000000f5580000)
  object space 68608K, 39% used [0x00000000e0000000,0x00000000e1aa1370,0x00000000e4300000)
 Metaspace       used 34361K, committed 35136K, reserved 1081344K
  class space    used 3617K, committed 3904K, reserved 1048576K
}
Event: 26.321 GC heap after
{Heap after GC invocations=13 (full 1):
 PSYoungGen      total 25088K, used 2820K [0x00000000f5580000, 0x00000000f7e80000, 0x0000000100000000)
  eden space 22016K, 0% used [0x00000000f5580000,0x00000000f5580000,0x00000000f6b00000)
  from space 3072K, 91% used [0x00000000f7b80000,0x00000000f7e41030,0x00000000f7e80000)
  to   space 3072K, 0% used [0x00000000f7880000,0x00000000f7880000,0x00000000f7b80000)
 ParOldGen       total 68608K, used 29548K [0x00000000e0000000, 0x00000000e4300000, 0x00000000f5580000)
  object space 68608K, 43% used [0x00000000e0000000,0x00000000e1cdb370,0x00000000e4300000)
 Metaspace       used 34361K, committed 35136K, reserved 1081344K
  class space    used 3617K, committed 3904K, reserved 1048576K
}
Event: 27.141 GC heap before
{Heap before GC invocations=14 (full 1):
 PSYoungGen      total 25088K, used 9200K [0x00000000f5580000, 0x00000000f7e80000, 0x0000000100000000)
  eden space 22016K, 28% used [0x00000000f5580000,0x00000000f5bbb2e8,0x00000000f6b00000)
  from space 3072K, 91% used [0x00000000f7b80000,0x00000000f7e41030,0x00000000f7e80000)
  to   space 3072K, 0% used [0x00000000f7880000,0x00000000f7880000,0x00000000f7b80000)
 ParOldGen       total 68608K, used 29548K [0x00000000e0000000, 0x00000000e4300000, 0x00000000f5580000)
  object space 68608K, 43% used [0x00000000e0000000,0x00000000e1cdb370,0x00000000e4300000)
 Metaspace       used 35105K, committed 35840K, reserved 1081344K
  class space    used 3693K, committed 4032K, reserved 1048576K
}
Event: 27.166 GC heap after
{Heap after GC invocations=14 (full 1):
 PSYoungGen      total 22528K, used 320K [0x00000000f5580000, 0x00000000f7c00000, 0x0000000100000000)
  eden space 22016K, 0% used [0x00000000f5580000,0x00000000f5580000,0x00000000f6b00000)
  from space 512K, 62% used [0x00000000f7880000,0x00000000f78d0000,0x00000000f7900000)
  to   space 1536K, 0% used [0x00000000f7a80000,0x00000000f7a80000,0x00000000f7c00000)
 ParOldGen       total 68608K, used 32288K [0x00000000e0000000, 0x00000000e4300000, 0x00000000f5580000)
  object space 68608K, 47% used [0x00000000e0000000,0x00000000e1f883c0,0x00000000e4300000)
 Metaspace       used 35105K, committed 35840K, reserved 1081344K
  class space    used 3693K, committed 4032K, reserved 1048576K
}
Event: 27.166 GC heap before
{Heap before GC invocations=15 (full 2):
 PSYoungGen      total 22528K, used 320K [0x00000000f5580000, 0x00000000f7c00000, 0x0000000100000000)
  eden space 22016K, 0% used [0x00000000f5580000,0x00000000f5580000,0x00000000f6b00000)
  from space 512K, 62% used [0x00000000f7880000,0x00000000f78d0000,0x00000000f7900000)
  to   space 1536K, 0% used [0x00000000f7a80000,0x00000000f7a80000,0x00000000f7c00000)
 ParOldGen       total 68608K, used 32288K [0x00000000e0000000, 0x00000000e4300000, 0x00000000f5580000)
  object space 68608K, 47% used [0x00000000e0000000,0x00000000e1f883c0,0x00000000e4300000)
 Metaspace       used 35105K, committed 35840K, reserved 1081344K
  class space    used 3693K, committed 4032K, reserved 1048576K
}
Event: 27.736 GC heap after
{Heap after GC invocations=15 (full 2):
 PSYoungGen      total 22528K, used 0K [0x00000000f5580000, 0x00000000f7c00000, 0x0000000100000000)
  eden space 22016K, 0% used [0x00000000f5580000,0x00000000f5580000,0x00000000f6b00000)
  from space 512K, 0% used [0x00000000f7880000,0x00000000f7880000,0x00000000f7900000)
  to   space 1536K, 0% used [0x00000000f7a80000,0x00000000f7a80000,0x00000000f7c00000)
 ParOldGen       total 68608K, used 31550K [0x00000000e0000000, 0x00000000e4300000, 0x00000000f5580000)
  object space 68608K, 45% used [0x00000000e0000000,0x00000000e1ecf910,0x00000000e4300000)
 Metaspace       used 35105K, committed 35840K, reserved 1081344K
  class space    used 3693K, committed 4032K, reserved 1048576K
}
Event: 29.519 GC heap before
{Heap before GC invocations=16 (full 2):
 PSYoungGen      total 22528K, used 22016K [0x00000000f5580000, 0x00000000f7c00000, 0x0000000100000000)
  eden space 22016K, 100% used [0x00000000f5580000,0x00000000f6b00000,0x00000000f6b00000)
  from space 512K, 0% used [0x00000000f7880000,0x00000000f7880000,0x00000000f7900000)
  to   space 1536K, 0% used [0x00000000f7a80000,0x00000000f7a80000,0x00000000f7c00000)
 ParOldGen       total 68608K, used 31550K [0x00000000e0000000, 0x00000000e4300000, 0x00000000f5580000)
  object space 68608K, 45% used [0x00000000e0000000,0x00000000e1ecf910,0x00000000e4300000)
 Metaspace       used 36113K, committed 36800K, reserved 1081344K
  class space    used 3791K, committed 4096K, reserved 1048576K
}
Event: 29.532 GC heap after
{Heap after GC invocations=16 (full 2):
 PSYoungGen      total 23552K, used 1529K [0x00000000f5580000, 0x00000000f7c00000, 0x0000000100000000)
  eden space 22016K, 0% used [0x00000000f5580000,0x00000000f5580000,0x00000000f6b00000)
  from space 1536K, 99% used [0x00000000f7a80000,0x00000000f7bfe470,0x00000000f7c00000)
  to   space 2048K, 0% used [0x00000000f7800000,0x00000000f7800000,0x00000000f7a00000)
 ParOldGen       total 68608K, used 31646K [0x00000000e0000000, 0x00000000e4300000, 0x00000000f5580000)
  object space 68608K, 46% used [0x00000000e0000000,0x00000000e1ee7910,0x00000000e4300000)
 Metaspace       used 36113K, committed 36800K, reserved 1081344K
  class space    used 3791K, committed 4096K, reserved 1048576K
}
Event: 31.323 GC heap before
{Heap before GC invocations=17 (full 2):
 PSYoungGen      total 23552K, used 23545K [0x00000000f5580000, 0x00000000f7c00000, 0x0000000100000000)
  eden space 22016K, 100% used [0x00000000f5580000,0x00000000f6b00000,0x00000000f6b00000)
  from space 1536K, 99% used [0x00000000f7a80000,0x00000000f7bfe470,0x00000000f7c00000)
  to   space 2048K, 0% used [0x00000000f7800000,0x00000000f7800000,0x00000000f7a00000)
 ParOldGen       total 68608K, used 31646K [0x00000000e0000000, 0x00000000e4300000, 0x00000000f5580000)
  object space 68608K, 46% used [0x00000000e0000000,0x00000000e1ee7910,0x00000000e4300000)
 Metaspace       used 40432K, committed 41088K, reserved 1089536K
  class space    used 4067K, committed 4352K, reserved 1048576K
}
Event: 31.342 GC heap after
{Heap after GC invocations=17 (full 2):
 PSYoungGen      total 24064K, used 2031K [0x00000000f5580000, 0x00000000f7b00000, 0x0000000100000000)
  eden space 22016K, 0% used [0x00000000f5580000,0x00000000f5580000,0x00000000f6b00000)
  from space 2048K, 99% used [0x00000000f7800000,0x00000000f79fbe40,0x00000000f7a00000)
  to   space 1024K, 0% used [0x00000000f7a00000,0x00000000f7a00000,0x00000000f7b00000)
 ParOldGen       total 68608K, used 33314K [0x00000000e0000000, 0x00000000e4300000, 0x00000000f5580000)
  object space 68608K, 48% used [0x00000000e0000000,0x00000000e2088810,0x00000000e4300000)
 Metaspace       used 40432K, committed 41088K, reserved 1089536K
  class space    used 4067K, committed 4352K, reserved 1048576K
}
Event: 34.736 GC heap before
{Heap before GC invocations=18 (full 2):
 PSYoungGen      total 24064K, used 24047K [0x00000000f5580000, 0x00000000f7b00000, 0x0000000100000000)
  eden space 22016K, 100% used [0x00000000f5580000,0x00000000f6b00000,0x00000000f6b00000)
  from space 2048K, 99% used [0x00000000f7800000,0x00000000f79fbe40,0x00000000f7a00000)
  to   space 1024K, 0% used [0x00000000f7a00000,0x00000000f7a00000,0x00000000f7b00000)
 ParOldGen       total 68608K, used 33314K [0x00000000e0000000, 0x00000000e4300000, 0x00000000f5580000)
  object space 68608K, 48% used [0x00000000e0000000,0x00000000e2088810,0x00000000e4300000)
 Metaspace       used 43729K, committed 44480K, reserved 1089536K
  class space    used 4372K, committed 4672K, reserved 1048576K
}
Event: 34.827 GC heap after
{Heap after GC invocations=18 (full 2):
 PSYoungGen      total 23040K, used 1024K [0x00000000f5580000, 0x00000000f7b00000, 0x0000000100000000)
  eden space 22016K, 0% used [0x00000000f5580000,0x00000000f5580000,0x00000000f6b00000)
  from space 1024K, 100% used [0x00000000f7a00000,0x00000000f7b00000,0x00000000f7b00000)
  to   space 4608K, 0% used [0x00000000f7200000,0x00000000f7200000,0x00000000f7680000)
 ParOldGen       total 68608K, used 36676K [0x00000000e0000000, 0x00000000e4300000, 0x00000000f5580000)
  object space 68608K, 53% used [0x00000000e0000000,0x00000000e23d11b8,0x00000000e4300000)
 Metaspace       used 43729K, committed 44480K, reserved 1089536K
  class space    used 4372K, committed 4672K, reserved 1048576K
}
Event: 36.328 GC heap before
{Heap before GC invocations=19 (full 2):
 PSYoungGen      total 23040K, used 23040K [0x00000000f5580000, 0x00000000f7b00000, 0x0000000100000000)
  eden space 22016K, 100% used [0x00000000f5580000,0x00000000f6b00000,0x00000000f6b00000)
  from space 1024K, 100% used [0x00000000f7a00000,0x00000000f7b00000,0x00000000f7b00000)
  to   space 4608K, 0% used [0x00000000f7200000,0x00000000f7200000,0x00000000f7680000)
 ParOldGen       total 68608K, used 36676K [0x00000000e0000000, 0x00000000e4300000, 0x00000000f5580000)
  object space 68608K, 53% used [0x00000000e0000000,0x00000000e23d11b8,0x00000000e4300000)
 Metaspace       used 44506K, committed 45248K, reserved 1097728K
  class space    used 4429K, committed 4736K, reserved 1048576K
}
Event: 36.337 GC heap after
{Heap after GC invocations=19 (full 2):
 PSYoungGen      total 26624K, used 1191K [0x00000000f5580000, 0x00000000f7a80000, 0x0000000100000000)
  eden space 22016K, 0% used [0x00000000f5580000,0x00000000f5580000,0x00000000f6b00000)
  from space 4608K, 25% used [0x00000000f7200000,0x00000000f7329ff8,0x00000000f7680000)
  to   space 2560K, 0% used [0x00000000f7800000,0x00000000f7800000,0x00000000f7a80000)
 ParOldGen       total 68608K, used 37697K [0x00000000e0000000, 0x00000000e4300000, 0x00000000f5580000)
  object space 68608K, 54% used [0x00000000e0000000,0x00000000e24d05b8,0x00000000e4300000)
 Metaspace       used 44506K, committed 45248K, reserved 1097728K
  class space    used 4429K, committed 4736K, reserved 1048576K
}

